

Version:	3.50
CmdLine:	C:\Users\knucl\GitHub\JavaProjects\SwayDash\out\artifacts\SwayDash_jar\SwayDash.exe --l4j-debug
JNI:		No
WOW64:		Yes
Working dir:	C:\Users\knucl\GitHub\JavaProjects\SwayDash\out\artifacts\SwayDash_jar\.
Requires JDK:	No
Requires 64-Bit: No
Java min ver:	
Java max ver:	
Substitute:	JAVA_HOME = 
Substitute:	PATH = C:\Program Files\NVIDIA GPU Computing Toolkit\CUDA\v12.8\bin;C:\Program Files\NVIDIA GPU Computing Toolkit\CUDA\v12.8\libnvvp;C:\Program Files\Common Files\Oracle\Java\javapath;C:\Program Files (x86)\Common Files\Oracle\Java\java8path;C:\Program Files (x86)\Common Files\Oracle\Java\javapath;C:\Program Files (x86)\NVIDIA Corporation\PhysX\Common;C:\Windows\system32;C:\Windows;C:\Windows\System32\Wbem;C:\Windows\System32\WindowsPowerShell\v1.0\;C:\Windows\System32\OpenSSH\;C:\Users\knucl\AppData\Roaming\nvm;C:\Program Files\nodejs;C:\Program Files (x86)\QuickTime\QTSystem\;C:\WINDOWS\system32;C:\WINDOWS;C:\WINDOWS\System32\Wbem;C:\WINDOWS\System32\WindowsPowerShell\v1.0\;C:\WINDOWS\System32\OpenSSH\;C:\Program Files\dotnet\;C:\Users\knucl\AppData\Local\Microsoft\WindowsApps;C:\Users\knucl\AppData\Roaming\nvm;C:\Program Files\nodejs;C:\Users\knucl\AppData\Local\Programs\Microsoft VS Code\bin;C:\Users\knucl\AppData\Local\GitHubDesktop\bin;C:\ngrok;C:\ngrok;C:\Program Files\Git\cmd;C:\Program Files\NVIDIA Corporation\NVIDIA App\NvDLISR;C:\Program Files\NVIDIA Corporation\Nsight Compute 2025.1.1\;C:\Users\knucl\.dotnet\tools;C:\Users\knucl\AppData\Local\Packages\PythonSoftwareFoundation.Python.3.11_qbz5n2kfra8p0\LocalCache\local-packages\Python311\site-packages;C:\Program Files\Java\jre1.8.0_441\bin
JRE paths:	;C:\Program Files\NVIDIA GPU Computing Toolkit\CUDA\v12.8\bin;C:\Program Files\NVIDIA GPU Computing Toolkit\CUDA\v12.8\libnvvp;C:\Program Files\Common Files\Oracle\Java\javapath;C:\Program Files (x86)\Common Files\Oracle\Java\java8path;C:\Program Files (x86)\Common Files\Oracle\Java\javapath;C:\Program Files (x86)\NVIDIA Corporation\PhysX\Common;C:\Windows\system32;C:\Windows;C:\Windows\System32\Wbem;C:\Windows\System32\WindowsPowerShell\v1.0\;C:\Windows\System32\OpenSSH\;C:\Users\knucl\AppData\Roaming\nvm;C:\Program Files\nodejs;C:\Program Files (x86)\QuickTime\QTSystem\;C:\WINDOWS\system32;C:\WINDOWS;C:\WINDOWS\System32\Wbem;C:\WINDOWS\System32\WindowsPowerShell\v1.0\;C:\WINDOWS\System32\OpenSSH\;C:\Program Files\dotnet\;C:\Users\knucl\AppData\Local\Microsoft\WindowsApps;C:\Users\knucl\AppData\Roaming\nvm;C:\Program Files\nodejs;C:\Users\knucl\AppData\Local\Programs\Microsoft VS Code\bin;C:\Users\knucl\AppData\Local\GitHubDesktop\bin;C:\ngrok;C:\ngrok;C:\Program Files\Git\cmd;C:\Program Files\NVIDIA Corporation\NVIDIA App\NvDLISR;C:\Program Files\NVIDIA Corporation\Nsight Compute 2025.1.1\;C:\Users\knucl\.dotnet\tools;C:\Users\knucl\AppData\Local\Packages\PythonSoftwareFoundation.Python.3.11_qbz5n2kfra8p0\LocalCache\local-packages\Python311\site-packages;C:\Program Files\Java\jre1.8.0_441\bin
Check launcher:	C:\Program Files\NVIDIA GPU Computing Toolkit\CUDA\v12.8\bin\javaw.exe (not found)
Check launcher:	C:\Program Files\NVIDIA GPU Computing Toolkit\CUDA\v12.8\libnvvp\bin\javaw.exe (not found)
Check launcher:	C:\Program Files\Common Files\Oracle\Java\javapath\bin\javaw.exe (not found)
Check launcher:	C:\Program Files (x86)\Common Files\Oracle\Java\java8path\bin\javaw.exe (not found)
Check launcher:	C:\Program Files (x86)\Common Files\Oracle\Java\javapath\bin\javaw.exe (not found)
Check launcher:	C:\Program Files (x86)\NVIDIA Corporation\PhysX\Common\bin\javaw.exe (not found)
Check launcher:	C:\Windows\system32\bin\javaw.exe (not found)
Check launcher:	C:\Windows\bin\javaw.exe (not found)
Check launcher:	C:\Windows\System32\Wbem\bin\javaw.exe (not found)
Check launcher:	C:\Windows\System32\WindowsPowerShell\v1.0\bin\javaw.exe (not found)
Check launcher:	C:\Windows\System32\OpenSSH\bin\javaw.exe (not found)
Check launcher:	C:\Users\knucl\AppData\Roaming\nvm\bin\javaw.exe (not found)
Check launcher:	C:\Program Files\nodejs\bin\javaw.exe (not found)
Check launcher:	C:\Program Files (x86)\Q

Version:	3.50
CmdLine:	C:\Users\knucl\GitHub\JavaProjects\SwayDash\out\artifacts\SwayDash_jar\SwayDash.exe --l4j-debug
JNI:		No
WOW64:		Yes
Working dir:	C:\Users\knucl\GitHub\JavaProjects\SwayDash\out\artifacts\SwayDash_jar\.
Requires JDK:	No
Requires 64-Bit: No
Java min ver:	
Java max ver:	
Substitute:	JAVA_HOME = 
Substitute:	PATH = C:\Program Files\NVIDIA GPU Computing Toolkit\CUDA\v12.8\bin;C:\Program Files\NVIDIA GPU Computing Toolkit\CUDA\v12.8\libnvvp;C:\Program Files\Common Files\Oracle\Java\javapath;C:\Program Files (x86)\Common Files\Oracle\Java\java8path;C:\Program Files (x86)\Common Files\Oracle\Java\javapath;C:\Program Files (x86)\NVIDIA Corporation\PhysX\Common;C:\Windows\system32;C:\Windows;C:\Windows\System32\Wbem;C:\Windows\System32\WindowsPowerShell\v1.0\;C:\Windows\System32\OpenSSH\;C:\Users\knucl\AppData\Roaming\nvm;C:\Program Files\nodejs;C:\Program Files (x86)\QuickTime\QTSystem\;C:\WINDOWS\system32;C:\WINDOWS;C:\WINDOWS\System32\Wbem;C:\WINDOWS\System32\WindowsPowerShell\v1.0\;C:\WINDOWS\System32\OpenSSH\;C:\Program Files\dotnet\;C:\Users\knucl\AppData\Local\Microsoft\WindowsApps;C:\Users\knucl\AppData\Roaming\nvm;C:\Program Files\nodejs;C:\Users\knucl\AppData\Local\Programs\Microsoft VS Code\bin;C:\Users\knucl\AppData\Local\GitHubDesktop\bin;C:\ngrok;C:\ngrok;C:\Program Files\Git\cmd;C:\Program Files\NVIDIA Corporation\NVIDIA App\NvDLISR;C:\Program Files\NVIDIA Corporation\Nsight Compute 2025.1.1\;C:\Users\knucl\.dotnet\tools;C:\Users\knucl\AppData\Local\Packages\PythonSoftwareFoundation.Python.3.11_qbz5n2kfra8p0\LocalCache\local-packages\Python311\site-packages;C:\Program Files\Java\jre1.8.0_441\bin
JRE paths:	;C:\Program Files\NVIDIA GPU Computing Toolkit\CUDA\v12.8\bin;C:\Program Files\NVIDIA GPU Computing Toolkit\CUDA\v12.8\libnvvp;C:\Program Files\Common Files\Oracle\Java\javapath;C:\Program Files (x86)\Common Files\Oracle\Java\java8path;C:\Program Files (x86)\Common Files\Oracle\Java\javapath;C:\Program Files (x86)\NVIDIA Corporation\PhysX\Common;C:\Windows\system32;C:\Windows;C:\Windows\System32\Wbem;C:\Windows\System32\WindowsPowerShell\v1.0\;C:\Windows\System32\OpenSSH\;C:\Users\knucl\AppData\Roaming\nvm;C:\Program Files\nodejs;C:\Program Files (x86)\QuickTime\QTSystem\;C:\WINDOWS\system32;C:\WINDOWS;C:\WINDOWS\System32\Wbem;C:\WINDOWS\System32\WindowsPowerShell\v1.0\;C:\WINDOWS\System32\OpenSSH\;C:\Program Files\dotnet\;C:\Users\knucl\AppData\Local\Microsoft\WindowsApps;C:\Users\knucl\AppData\Roaming\nvm;C:\Program Files\nodejs;C:\Users\knucl\AppData\Local\Programs\Microsoft VS Code\bin;C:\Users\knucl\AppData\Local\GitHubDesktop\bin;C:\ngrok;C:\ngrok;C:\Program Files\Git\cmd;C:\Program Files\NVIDIA Corporation\NVIDIA App\NvDLISR;C:\Program Files\NVIDIA Corporation\Nsight Compute 2025.1.1\;C:\Users\knucl\.dotnet\tools;C:\Users\knucl\AppData\Local\Packages\PythonSoftwareFoundation.Python.3.11_qbz5n2kfra8p0\LocalCache\local-packages\Python311\site-packages;C:\Program Files\Java\jre1.8.0_441\bin
Check launcher:	C:\Program Files\NVIDIA GPU Computing Toolkit\CUDA\v12.8\bin\javaw.exe (not found)
Check launcher:	C:\Program Files\NVIDIA GPU Computing Toolkit\CUDA\v12.8\libnvvp\bin\javaw.exe (not found)
Check launcher:	C:\Program Files\Common Files\Oracle\Java\javapath\bin\javaw.exe (not found)
Check launcher:	C:\Program Files (x86)\Common Files\Oracle\Java\java8path\bin\javaw.exe (not found)
Check launcher:	C:\Program Files (x86)\Common Files\Oracle\Java\javapath\bin\javaw.exe (not found)
Check launcher:	C:\Program Files (x86)\NVIDIA Corporation\PhysX\Common\bin\javaw.exe (not found)
Check launcher:	C:\Windows\system32\bin\javaw.exe (not found)
Check launcher:	C:\Windows\bin\javaw.exe (not found)
Check launcher:	C:\Windows\System32\Wbem\bin\javaw.exe (not found)
Check launcher:	C:\Windows\System32\WindowsPowerShell\v1.0\bin\javaw.exe (not found)
Check launcher:	C:\Windows\System32\OpenSSH\bin\javaw.exe (not found)
Check launcher:	C:\Users\knucl\AppData\Roaming\nvm\bin\javaw.exe (not found)
Check launcher:	C:\Program Files\nodejs\bin\javaw.exe (not found)
Check launcher:	C:\Program Files (x86)\Q

Version:	3.50
CmdLine:	C:\Users\knucl\GitHub\JavaProjects\SwayDash\out\artifacts\SwayDash_jar\SwayDash.exe --l4j-debug
JNI:		No
WOW64:		Yes
Working dir:	C:\Users\knucl\GitHub\JavaProjects\SwayDash\out\artifacts\SwayDash_jar\.
Requires JDK:	No
Requires 64-Bit: No
Java min ver:	
Java max ver:	
Substitute:	JAVA_HOME = C:\Program Files\Java\jdk-23
JRE paths:	C:\Program Files\Java\jdk-23\jre
Check launcher:	C:\Program Files\Java\jdk-23\jre\bin\javaw.exe (not found)
Error msg:	This application requires a Java Runtime Environment.


Version:	3.50
CmdLine:	C:\Users\knucl\GitHub\JavaProjects\SwayDash\out\artifacts\SwayDash_jar\SwayDash.exe --l4j-debug
JNI:		No
WOW64:		Yes
Working dir:	C:\Users\knucl\GitHub\JavaProjects\SwayDash\out\artifacts\SwayDash_jar\.
Requires JDK:	No
Requires 64-Bit: No
Java min ver:	
Java max ver:	
JRE paths:	C:\Program Files\Java\jre1.8.0_441
Check launcher:	C:\Program Files\Java\jre1.8.0_441\bin\javaw.exe (OK)
Version string: 1.008.000_441 / 64-Bit (OK)
Main class:	org.example.Main
Info:		Classpath not defined.
Launcher:	C:\Program Files\Java\jre1.8.0_441\bin\javaw.exe
Launcher args:	-classpath "C:\Users\knucl\GitHub\JavaProjects\SwayDash\out\artifacts\SwayDash_jar\SwayDash.exe" org.example.Main
Args length:	113/32768 chars
Exit code:	0


Version:	3.50
CmdLine:	C:\Users\knucl\GitHub\JavaProjects\SwayDash\out\artifacts\SwayDash_jar\SwayDash.exe --l4j-debug
JNI:		No
WOW64:		Yes
Working dir:	C:\Users\knucl\GitHub\JavaProjects\SwayDash\out\artifacts\SwayDash_jar\.
Requires JDK:	No
Requires 64-Bit: No
Java min ver:	
Java max ver:	
JRE paths:	C:\Program Files\Java\jre1.8.0_441
Check launcher:	C:\Program Files\Java\jre1.8.0_441\bin\javaw.exe (OK)
Version string: 1.008.000_441 / 64-Bit (OK)
Main class:	org.example.Main
Info:		Classpath not defined.
Launcher:	C:\Program Files\Java\jre1.8.0_441\bin\javaw.exe
Launcher args:	-classpath "C:\Users\knucl\GitHub\JavaProjects\SwayDash\out\artifacts\SwayDash_jar\SwayDash.exe" org.example.Main
Args length:	113/32768 chars
Exit code:	0


Version:	3.50
CmdLine:	C:\Users\knucl\GitHub\JavaProjects\SwayDash\out\artifacts\SwayDash_jar\SwayDash.exe --l4j-debug
JNI:		No
WOW64:		Yes
Working dir:	C:\Users\knucl\GitHub\JavaProjects\SwayDash\out\artifacts\SwayDash_jar\.
Requires JDK:	No
Requires 64-Bit: No
Java min ver:	
Java max ver:	
JRE paths:	C:\Program Files\Java\jre1.8.0_441
Check launcher:	C:\Program Files\Java\jre1.8.0_441\bin\javaw.exe (OK)
Version string: 1.008.000_441 / 64-Bit (OK)
Main class:	org.example.Main
Info:		Classpath not defined.
Launcher:	C:\Program Files\Java\jre1.8.0_441\bin\javaw.exe
Launcher args:	-classpath "C:\Users\knucl\GitHub\JavaProjects\SwayDash\out\artifacts\SwayDash_jar\SwayDash.exe" org.example.Main
Args length:	113/32768 chars
Exit code:	0


Version:	3.50
CmdLine:	C:\Users\knucl\GitHub\JavaProjects\SwayDash\out\artifacts\SwayDash_jar\SwayDash.exe --l4j-debug
JNI:		No
WOW64:		Yes
Working dir:	C:\Users\knucl\GitHub\JavaProjects\SwayDash\out\artifacts\SwayDash_jar\.
Requires JDK:	No
Requires 64-Bit: No
Java min ver:	
Java max ver:	
JRE paths:	C:\Program Files\Java\jre1.8.0_441
Check launcher:	C:\Program Files\Java\jre1.8.0_441\bin\javaw.exe (OK)
Version string: 1.008.000_441 / 64-Bit (OK)
Main class:	org.example.Main
Info:		Classpath not defined.
Launcher:	C:\Program Files\Java\jre1.8.0_441\bin\javaw.exe
Launcher args:	-classpath "C:\Users\knucl\GitHub\JavaProjects\SwayDash\out\artifacts\SwayDash_jar\SwayDash.exe" org.example.Main
Args length:	113/32768 chars
Exit code:	0


Version:	3.50
CmdLine:	C:\Users\knucl\GitHub\JavaProjects\SwayDash\out\artifacts\SwayDash_jar\SwayDash.exe --l4j-debug
JNI:		No
WOW64:		Yes
Working dir:	C:\Users\knucl\GitHub\JavaProjects\SwayDash\out\artifacts\SwayDash_jar\.
Requires JDK:	No
Requires 64-Bit: No
Java min ver:	
Java max ver:	
JRE paths:	C:\Program Files\Java\jdk-24
Check launcher:	C:\Program Files\Java\jdk-24\bin\javaw.exe (OK)
Version string: 1.024.000 / 64-Bit (OK)
Main class:	org.example.Main
Info:		Classpath not defined.
Launcher:	C:\Program Files\Java\jdk-24\bin\javaw.exe
Launcher args:	-classpath "C:\Users\knucl\GitHub\JavaProjects\SwayDash\out\artifacts\SwayDash_jar\SwayDash.exe" org.example.Main
Args length:	113/32768 chars
Exit code:	0


Version:	3.50
CmdLine:	C:\Users\knucl\GitHub\JavaProjects\SwayDash\out\artifacts\SwayDash_jar\SwayDash.exe --l4j-debug
JNI:		No
WOW64:		Yes
Working dir:	C:\Users\knucl\GitHub\JavaProjects\SwayDash\out\artifacts\SwayDash_jar\.
Requires JDK:	No
Requires 64-Bit: No
Java min ver:	
Java max ver:	
JRE paths:	C:\Program Files\Java\jdk-24
Check launcher:	C:\Program Files\Java\jdk-24\bin\javaw.exe (OK)
Version string: 1.024.000 / 64-Bit (OK)
Main class:	org.example.Main
Info:		Classpath not defined.
Launcher:	C:\Program Files\Java\jdk-24\bin\javaw.exe
Launcher args:	--enable-native-access=ALL-UNNAMED -classpath "C:\Users\knucl\GitHub\JavaProjects\SwayDash\out\artifacts\SwayDash_jar\SwayDash.exe" org.example.Main
Args length:	148/32768 chars
Exit code:	0


Version:	3.50
CmdLine:	C:\Users\knucl\GitHub\JavaProjects\SwayDash\out\artifacts\SwayDash_jar\SwayDash.exe --l4j-debug
JNI:		No
WOW64:		Yes
Working dir:	C:\Users\knucl\GitHub\JavaProjects\SwayDash\out\artifacts\SwayDash_jar\.
Requires JDK:	No
Requires 64-Bit: No
Java min ver:	
Java max ver:	
JRE paths:	C:\Program Files\Java\jdk-24
Check launcher:	C:\Program Files\Java\jdk-24\bin\javaw.exe (OK)
Version string: 1.024.000 / 64-Bit (OK)
Main class:	org.example.Main
Info:		Classpath not defined.
Launcher:	C:\Program Files\Java\jdk-24\bin\javaw.exe
Launcher args:	--enable-native-access=ALL-UNNAMED -classpath "C:\Users\knucl\GitHub\JavaProjects\SwayDash\out\artifacts\SwayDash_jar\SwayDash.exe" org.example.Main
Args length:	148/32768 chars
Exit code:	0
